\BOOKMARK [1][-]{section.1}{\376\377\000I\000n\000t\000r\000o\000d\000u\000c\000t\000i\000o\000n}{}% 1
\BOOKMARK [2][-]{subsection.1.1}{\376\377\000T\000h\000e\000o\000r\000e\000t\000i\000c\000a\000l\000\040\000B\000a\000c\000k\000g\000r\000o\000u\000n\000d\000:\000\040\000A\000d\000v\000a\000n\000c\000e\000d\000\040\000N\000e\000u\000r\000a\000l\000\040\000N\000e\000t\000w\000o\000r\000k\000\040\000C\000o\000n\000c\000e\000p\000t\000s}{section.1}% 2
\BOOKMARK [3][-]{subsubsection.1.1.1}{\376\377\000V\000a\000r\000i\000a\000t\000i\000o\000n\000a\000l\000\040\000A\000u\000t\000o\000e\000n\000c\000o\000d\000e\000r\000s\000\040\000\050\000V\000A\000E\000s\000\051}{subsection.1.1}% 3
\BOOKMARK [3][-]{subsubsection.1.1.2}{\376\377\000P\000e\000e\000p\000h\000o\000l\000e\000\040\000C\000o\000n\000n\000e\000c\000t\000i\000o\000n\000s\000\040\000i\000n\000\040\000L\000S\000T\000M\000s}{subsection.1.1}% 4
\BOOKMARK [3][-]{subsubsection.1.1.3}{\376\377\000x\000L\000S\000T\000M}{subsection.1.1}% 5
\BOOKMARK [1][-]{section.2}{\376\377\000D\000a\000t\000a\000s\000e\000t\000\040\000D\000e\000s\000c\000r\000i\000p\000t\000i\000o\000n}{}% 6
\BOOKMARK [2][-]{subsection.2.1}{\376\377\000D\000a\000t\000a\000\040\000L\000o\000a\000d\000i\000n\000g\000\040\000a\000n\000d\000\040\000I\000n\000i\000t\000i\000a\000l\000\040\000S\000t\000r\000u\000c\000t\000u\000r\000e}{section.2}% 7
\BOOKMARK [2][-]{subsection.2.2}{\376\377\000K\000e\000y\000\040\000C\000h\000a\000r\000a\000c\000t\000e\000r\000i\000s\000t\000i\000c\000s\000\040\000a\000n\000d\000\040\000I\000n\000i\000t\000i\000a\000l\000\040\000O\000b\000s\000e\000r\000v\000a\000t\000i\000o\000n\000s}{section.2}% 8
\BOOKMARK [1][-]{section.3}{\376\377\000P\000r\000e\000p\000r\000o\000c\000e\000s\000s\000i\000n\000g\000\040\000a\000n\000d\000\040\000F\000e\000a\000t\000u\000r\000e\000\040\000E\000x\000t\000r\000a\000c\000t\000i\000o\000n}{}% 9
\BOOKMARK [2][-]{subsection.3.1}{\376\377\000D\000e\000n\000o\000i\000s\000i\000n\000g}{section.3}% 10
\BOOKMARK [2][-]{subsection.3.2}{\376\377\000R\000e\000s\000a\000m\000p\000l\000i\000n\000g}{section.3}% 11
\BOOKMARK [2][-]{subsection.3.3}{\376\377\000S\000e\000g\000m\000e\000n\000t\000a\000t\000i\000o\000n\000\040\000a\000n\000d\000\040\000P\000a\000d\000d\000i\000n\000g}{section.3}% 12
\BOOKMARK [2][-]{subsection.3.4}{\376\377\000F\000e\000a\000t\000u\000r\000e\000\040\000E\000x\000t\000r\000a\000c\000t\000i\000o\000n\000:\000\040\000M\000e\000l\000-\000F\000r\000e\000q\000u\000e\000n\000c\000y\000\040\000C\000e\000p\000s\000t\000r\000a\000l\000\040\000C\000o\000e\000f\000f\000i\000c\000i\000e\000n\000t\000s\000\040\000\050\000M\000F\000C\000C\000s\000\051}{section.3}% 13
\BOOKMARK [2][-]{subsection.3.5}{\376\377\000H\000e\000a\000r\000t\000S\000o\000u\000n\000d\000D\000a\000t\000a\000s\000e\000t\000\040\000C\000l\000a\000s\000s\000\040\000a\000n\000d\000\040\000D\000a\000t\000a\000L\000o\000a\000d\000e\000r}{section.3}% 14
\BOOKMARK [1][-]{section.4}{\376\377\000D\000a\000t\000a\000\040\000S\000p\000l\000i\000t\000t\000i\000n\000g}{}% 15
\BOOKMARK [1][-]{section.5}{\376\377\000M\000o\000d\000e\000l\000\040\000A\000r\000c\000h\000i\000t\000e\000c\000t\000u\000r\000e\000s}{}% 16
\BOOKMARK [2][-]{subsection.5.1}{\376\377\000C\000N\000N\000\040\000F\000e\000a\000t\000u\000r\000e\000\040\000E\000x\000t\000r\000a\000c\000t\000o\000r}{section.5}% 17
\BOOKMARK [2][-]{subsection.5.2}{\376\377\000R\000N\000N\000\040\000C\000l\000a\000s\000s\000i\000f\000i\000e\000r\000s}{section.5}% 18
\BOOKMARK [3][-]{subsubsection.5.2.1}{\376\377\000S\000i\000m\000p\000l\000e\000\040\000R\000N\000N\000\040\000C\000l\000a\000s\000s\000i\000f\000i\000e\000r}{subsection.5.2}% 19
\BOOKMARK [3][-]{subsubsection.5.2.2}{\376\377\000L\000S\000T\000M\000\040\000C\000l\000a\000s\000s\000i\000f\000i\000e\000r\000\040\000\050\000i\000n\000c\000l\000u\000d\000i\000n\000g\000\040\000B\000i\000-\000L\000S\000T\000M\000\051}{subsection.5.2}% 20
\BOOKMARK [3][-]{subsubsection.5.2.3}{\376\377\000G\000R\000U\000\040\000C\000l\000a\000s\000s\000i\000f\000i\000e\000r}{subsection.5.2}% 21
\BOOKMARK [3][-]{subsubsection.5.2.4}{\376\377\000x\000L\000S\000T\000M\000\040\000C\000l\000a\000s\000s\000i\000f\000i\000e\000r\000\040\000\050\000C\000o\000n\000c\000e\000p\000t\000u\000a\000l\000\040\000P\000l\000a\000c\000e\000h\000o\000l\000d\000e\000r\000\051}{subsection.5.2}% 22
\BOOKMARK [2][-]{subsection.5.3}{\376\377\000A\000t\000t\000e\000n\000t\000i\000o\000n\000\040\000M\000e\000c\000h\000a\000n\000i\000s\000m}{section.5}% 23
\BOOKMARK [1][-]{section.6}{\376\377\000T\000r\000a\000i\000n\000i\000n\000g\000\040\000a\000n\000d\000\040\000E\000v\000a\000l\000u\000a\000t\000i\000o\000n\000\040\000U\000t\000i\000l\000i\000t\000i\000e\000s}{}% 24
\BOOKMARK [2][-]{subsection.6.1}{\376\377\000T\000r\000a\000i\000n\000i\000n\000g\000\040\000F\000u\000n\000c\000t\000i\000o\000n\000\040\000\050\000t\000r\000a\000i\000n\000\137\000m\000o\000d\000e\000l\000\051}{section.6}% 25
\BOOKMARK [2][-]{subsection.6.2}{\376\377\000E\000v\000a\000l\000u\000a\000t\000i\000o\000n\000\040\000F\000u\000n\000c\000t\000i\000o\000n\000\040\000\050\000e\000v\000a\000l\000u\000a\000t\000e\000\137\000m\000o\000d\000e\000l\000\051}{section.6}% 26
\BOOKMARK [1][-]{section.7}{\376\377\000R\000e\000s\000u\000l\000t\000s}{}% 27
\BOOKMARK [2][-]{subsection.7.1}{\376\377\000P\000e\000r\000f\000o\000r\000m\000a\000n\000c\000e\000\040\000O\000v\000e\000r\000v\000i\000e\000w}{section.7}% 28
\BOOKMARK [2][-]{subsection.7.2}{\376\377\000D\000e\000t\000a\000i\000l\000e\000d\000\040\000M\000o\000d\000e\000l\000\040\000P\000e\000r\000f\000o\000r\000m\000a\000n\000c\000e\000\040\000A\000n\000a\000l\000y\000s\000i\000s}{section.7}% 29
\BOOKMARK [3][-]{subsubsection.7.2.1}{\376\377\000C\000N\000N\000\040\000+\000\040\000S\000i\000m\000p\000l\000e\000\040\000R\000N\000N}{subsection.7.2}% 30
\BOOKMARK [3][-]{subsubsection.7.2.2}{\376\377\000C\000N\000N\000\040\000+\000\040\000L\000S\000T\000M}{subsection.7.2}% 31
\BOOKMARK [3][-]{subsubsection.7.2.3}{\376\377\000C\000N\000N\000\040\000+\000\040\000B\000i\000-\000L\000S\000T\000M}{subsection.7.2}% 32
\BOOKMARK [3][-]{subsubsection.7.2.4}{\376\377\000C\000N\000N\000\040\000+\000\040\000x\000L\000S\000T\000M\000\040\000\050\000C\000o\000n\000c\000e\000p\000t\000u\000a\000l\000\051}{subsection.7.2}% 33
\BOOKMARK [3][-]{subsubsection.7.2.5}{\376\377\000C\000N\000N\000\040\000+\000\040\000G\000R\000U}{subsection.7.2}% 34
\BOOKMARK [3][-]{subsubsection.7.2.6}{\376\377\000C\000N\000N\000\040\000+\000\040\000L\000S\000T\000M\000\040\000+\000\040\000A\000t\000t\000e\000n\000t\000i\000o\000n}{subsection.7.2}% 35
\BOOKMARK [1][-]{section.8}{\376\377\000D\000i\000s\000c\000u\000s\000s\000i\000o\000n}{}% 36
\BOOKMARK [2][-]{subsection.8.1}{\376\377\000C\000o\000m\000p\000a\000r\000i\000s\000o\000n\000\040\000o\000f\000\040\000R\000N\000N\000\040\000A\000r\000c\000h\000i\000t\000e\000c\000t\000u\000r\000e\000s}{section.8}% 37
\BOOKMARK [2][-]{subsection.8.2}{\376\377\000I\000m\000p\000a\000c\000t\000\040\000o\000f\000\040\000A\000t\000t\000e\000n\000t\000i\000o\000n\000\040\000M\000e\000c\000h\000a\000n\000i\000s\000m}{section.8}% 38
\BOOKMARK [2][-]{subsection.8.3}{\376\377\000C\000h\000a\000l\000l\000e\000n\000g\000e\000s\000\040\000o\000f\000\040\000C\000l\000a\000s\000s\000\040\000I\000m\000b\000a\000l\000a\000n\000c\000e}{section.8}% 39
\BOOKMARK [1][-]{section.9}{\376\377\000C\000o\000n\000c\000l\000u\000s\000i\000o\000n}{}% 40
\BOOKMARK [2][-]{subsection.9.1}{\376\377\000F\000u\000t\000u\000r\000e\000\040\000W\000o\000r\000k}{section.9}% 41
